<?xml version="1.0" encoding="UTF-8"?>
<testsuite name="Module_4_Spotify.Spotify_search" tests="4" failures="0" errors="0" time="4.112"><properties><property name="soapui.properties" value="soapui.properties"/><property name="java.runtime.name" value="Java(TM) SE Runtime Environment"/><property name="sun.boot.library.path" value="/Applications/SoapUI-5.4.0.app/Contents/PlugIns/jre.bundle/Contents/Home/jre/lib"/><property name="java.vm.version" value="25.152-b16"/><property name="soapui.ext.actions" value="/Applications/SoapUI-5.4.0.app/Contents/java/app/bin/actions"/><property name="gopherProxySet" value="false"/><property name="soapui.ext.libraries" value="/Applications/SoapUI-5.4.0.app/Contents/java/app/bin/ext"/><property name="java.vm.vendor" value="Oracle Corporation"/><property name="java.vendor.url" value="http://java.oracle.com/"/><property name="path.separator" value=":"/><property name="java.vm.name" value="Java HotSpot(TM) 64-Bit Server VM"/><property name="file.encoding.pkg" value="sun.io"/><property name="user.country" value="MX"/><property name="sun.java.launcher" value="SUN_STANDARD"/><property name="sun.os.patch.level" value="unknown"/><property name="java.vm.specification.name" value="Java Virtual Machine Specification"/><property name="user.dir" value="/Applications/SoapUI-5.4.0.app/Contents/java/app/bin"/><property name="java.runtime.version" value="1.8.0_152-b16"/><property name="java.awt.graphicsenv" value="sun.awt.CGraphicsEnvironment"/><property name="java.endorsed.dirs" value="/Applications/SoapUI-5.4.0.app/Contents/PlugIns/jre.bundle/Contents/Home/jre/lib/endorsed"/><property name="os.arch" value="x86_64"/><property name="java.io.tmpdir" value="/var/folders/m3/f3lm_2zd1tnc06xtpdjmt15h0000gn/T/"/><property name="line.separator" value="
"/><property name="java.vm.specification.vendor" value="Oracle Corporation"/><property name="os.name" value="Mac OS X"/><property name="sun.jnu.encoding" value="UTF-8"/><property name="java.library.path" value="/Users/jesuseduardomoraperez/Library/Java/Extensions:/Library/Java/Extensions:/Network/Library/Java/Extensions:/System/Library/Java/Extensions:/usr/lib/java:."/><property name="soapui.home" value="/Applications/SoapUI-5.4.0.app/Contents/java/app/bin"/><property name="sun.awt.enableExtraMouseButtons" value="true"/><property name="java.specification.name" value="Java Platform API Specification"/><property name="java.class.version" value="52.0"/><property name="sun.management.compiler" value="HotSpot 64-Bit Tiered Compilers"/><property name="os.version" value="10.13.5"/><property name="http.nonProxyHosts" value="local|*.local|169.254/16|*.169.254/16"/><property name="user.home" value="/Users/jesuseduardomoraperez"/><property name="user.timezone" value="America/Mexico_City"/><property name="java.awt.printerjob" value="sun.lwawt.macosx.CPrinterJob"/><property name="file.encoding" value="US-ASCII"/><property name="java.specification.version" value="1.8"/><property name="java.class.path" value="/Applications/SoapUI-5.4.0.app/Contents/PlugIns/jre.bundle/Contents/Home/jre/lib/jfxrt.jar:/Applications/SoapUI-5.4.0.app/Contents/java/app/bin/soapui-5.4.0.jar:/Applications/SoapUI-5.4.0.app/Contents/java/app/lib/htmlunit-2.7.jar:/Applications/SoapUI-5.4.0.app/Contents/java/app/lib/jcifs-1.2.9.jar:/Applications/SoapUI-5.4.0.app/Contents/java/app/lib/keen-client-api-java-2.0.2.jar:/Applications/SoapUI-5.4.0.app/Contents/java/app/lib/htmlunit-core-js-2.7.jar:/Applications/SoapUI-5.4.0.app/Contents/java/app/lib/joda-time-1.6.2.jar:/Applications/SoapUI-5.4.0.app/Contents/java/app/lib/jackson-core-2.3.0.jar:/Applications/SoapUI-5.4.0.app/Contents/java/app/lib/jsr305-1.3.9.jar:/Applications/SoapUI-5.4.0.app/Contents/java/app/lib/activation-1.1.jar:/Applications/SoapUI-5.4.0.app/Contents/java/app/lib/jackson-databind-2.3.0.jar:/Applications/SoapUI-5.4.0.app/Contents/java/app/lib/reflections-0.9.9-RC1.jar:/Applications/SoapUI-5.4.0.app/Contents/java/app/lib/xmltooling-1.3.2-1.jar:/Applications/SoapUI-5.4.0.app/Contents/java/app/lib/flex-messaging-common-1.0.jar:/Applications/SoapUI-5.4.0.app/Contents/java/app/lib/commons-beanutils-1.7.0.jar:/Applications/SoapUI-5.4.0.app/Contents/java/app/lib/i4jruntime-5.1.14.jar:/Applications/SoapUI-5.4.0.app/Contents/java/app/lib/sac-1.3.jar:/Applications/SoapUI-5.4.0.app/Contents/java/app/lib/binding-2.0.1.jar:/Applications/SoapUI-5.4.0.app/Contents/java/app/lib/commons-logging-1.1.1.jar:/Applications/SoapUI-5.4.0.app/Contents/java/app/lib/junit-4.11.jar:/Applications/SoapUI-5.4.0.app/Contents/java/app/lib/opensaml-2.5.1-1.jar:/Applications/SoapUI-5.4.0.app/Contents/java/app/lib/commons-httpclient-3.1.jar:/Applications/SoapUI-5.4.0.app/Contents/java/app/lib/xmlParserAPIs-2.6.2.jar:/Applications/SoapUI-5.4.0.app/Contents/java/app/lib/analytics-core-5.4.0.jar:/Applications/SoapUI-5.4.0.app/Contents/java/app/lib/slf4j-api-1.6.1.jar:/Applications/SoapUI-5.4.0.app/Contents/java/app/lib/serializer-2.7.1.jar:/Applications/SoapUI-5.4.0.app/Contents/java/app/lib/json-smart-1.2.jar:/Applications/SoapUI-5.4.0.app/Contents/java/app/lib/xbean_xpath-2.4.0.jar:/Applications/SoapUI-5.4.0.app/Contents/java/app/lib/xml-apis-2.9.1.jar:/Applications/SoapUI-5.4.0.app/Contents/java/app/lib/xercesImpl-2.9.1.jar:/Applications/SoapUI-5.4.0.app/Contents/java/app/lib/flex-messaging-remoting-1.0.jar:/Applications/SoapUI-5.4.0.app/Contents/java/app/lib/l2fprod-common-fontchooser-7.3.jar:/Applications/SoapUI-5.4.0.app/Contents/java/app/lib/forms-1.0.7.jar:/Applications/SoapUI-5.4.0.app/Contents/java/app/lib/log4j-1.2.14.jar:/Applications/SoapUI-5.4.0.app/Contents/java/app/lib/httpclient-4.1.1.jar:/Applications/SoapUI-5.4.0.app/Contents/java/app/lib/google-http-client-1.21.0.jar:/Applications/SoapUI-5.4.0.app/Contents/java/app/lib/looks-2.2.0.jar:/Applications/SoapUI-5.4.0.app/Contents/java/app/lib/xbean-fixed-2.4.0.jar:/Applications/SoapUI-5.4.0.app/Contents/java/app/lib/commons-cli-1.2.jar:/Applications/SoapUI-5.4.0.app/Contents/java/app/lib/xml-apis-1.3.04.jar:/Applications/SoapUI-5.4.0.app/Contents/java/app/lib/org.apache.oltu.oauth2.httpclient4-0.31.jar:/Applications/SoapUI-5.4.0.app/Contents/java/app/lib/jdom-1.0.jar:/Applications/SoapUI-5.4.0.app/Contents/java/app/lib/flex-messaging-core-1.0.jar:/Applications/SoapUI-5.4.0.app/Contents/java/app/lib/mixpanel-java-1.4.4.jar:/Applications/SoapUI-5.4.0.app/Contents/java/app/lib/flex-messaging-opt-1.0.jar:/Applications/SoapUI-5.4.0.app/Contents/java/app/lib/jetty-util-6.1.26.jar:/Applications/SoapUI-5.4.0.app/Contents/java/app/lib/js-1.7R2.jar:/Applications/SoapUI-5.4.0.app/Contents/java/app/lib/slf4j-log4j12-1.6.4.jar:/Applications/SoapUI-5.4.0.app/Contents/java/app/lib/org.apache.oltu.oauth2.client-0.31.jar:/Applications/SoapUI-5.4.0.app/Contents/java/app/lib/xom-1.1.jar:/Applications/SoapUI-5.4.0.app/Contents/java/app/lib/hermes-1.14.jar:/Applications/SoapUI-5.4.0.app/Contents/java/app/lib/xmlunit-1.2.jar:/Applications/SoapUI-5.4.0.app/Contents/java/app/lib/jtidy-r872-jdk15.jar:/Applications/SoapUI-5.4.0.app/Contents/java/app/lib/xalan-2.7.1.jar:/Applications/SoapUI-5.4.0.app/Contents/java/app/lib/cssparser-0.9.5.jar:/Applications/SoapUI-5.4.0.app/Contents/java/app/lib/commons-io-2.4.jar:/Applications/SoapUI-5.4.0.app/Contents/java/app/lib/swingx-soapui.jar:/Applications/SoapUI-5.4.0.app/Contents/java/app/lib/httpclient-cache-4.1.1.jar:/Applications/SoapUI-5.4.0.app/Contents/java/app/lib/wsdl4j-1.6.2-fixed.jar:/Applications/SoapUI-5.4.0.app/Contents/java/app/lib/mail-1.4.jar:/Applications/SoapUI-5.4.0.app/Contents/java/app/lib/json-lib-2.2.2-jdk15.jar:/Applications/SoapUI-5.4.0.app/Contents/java/app/lib/httpcore-4.1.1.jar:/Applications/SoapUI-5.4.0.app/Contents/java/app/lib/jetty-6.1.26.jar:/Applications/SoapUI-5.4.0.app/Contents/java/app/lib/openws-1.4.2-1.jar:/Applications/SoapUI-5.4.0.app/Contents/java/app/lib/google-oauth-client-1.21.0.jar:/Applications/SoapUI-5.4.0.app/Contents/java/app/lib/commons-codec-1.3.jar:/Applications/SoapUI-5.4.0.app/Contents/java/app/lib/httpcore-nio-4.1.1.jar:/Applications/SoapUI-5.4.0.app/Contents/java/app/lib/maven-plugin-api-2.0.jar:/Applications/SoapUI-5.4.0.app/Contents/java/app/lib/javassist-3.16.1-GA.jar:/Applications/SoapUI-5.4.0.app/Contents/java/app/lib/commons-collections-3.2.2.jar:/Applications/SoapUI-5.4.0.app/Contents/java/app/lib/proxy-vole-20131209.jar:/Applications/SoapUI-5.4.0.app/Contents/java/app/lib/hamcrest-core-1.3.jar:/Applications/SoapUI-5.4.0.app/Contents/java/app/lib/dom4j-1.6.1.jar:/Applications/SoapUI-5.4.0.app/Contents/java/app/lib/xmlsec-1.4.5.jar:/Applications/SoapUI-5.4.0.app/Contents/java/app/lib/bcprov-jdk15-144.jar:/Applications/SoapUI-5.4.0.app/Contents/java/app/lib/xmlpublic-2.4.0.jar:/Applications/SoapUI-5.4.0.app/Contents/java/app/lib/jsr173_api-1.0.jar:/Applications/SoapUI-5.4.0.app/Contents/java/app/lib/org.apache.oltu.oauth2.common-0.31.jar:/Applications/SoapUI-5.4.0.app/Contents/java/app/lib/jackson-annotations-2.3.0.jar:/Applications/SoapUI-5.4.0.app/Contents/java/app/lib/guava-14.0.jar:/Applications/SoapUI-5.4.0.app/Contents/java/app/lib/jettison-1.2.jar:/Applications/SoapUI-5.4.0.app/Contents/java/app/lib/jaxen-1.1-beta-8.jar:/Applications/SoapUI-5.4.0.app/Contents/java/app/lib/json-20090211.jar:/Applications/SoapUI-5.4.0.app/Contents/java/app/lib/not-yet-commons-ssl-0.3.11.jar:/Applications/SoapUI-5.4.0.app/Contents/java/app/lib/nekohtml-1.9.14.jar:/Applications/SoapUI-5.4.0.app/Contents/java/app/lib/wss4j-1.6.16.jar:/Applications/SoapUI-5.4.0.app/Contents/java/app/lib/commons-lang-2.4.jar:/Applications/SoapUI-5.4.0.app/Contents/java/app/lib/httpmime-4.1.1.jar:/Applications/SoapUI-5.4.0.app/Contents/java/app/lib/saxon-9.1.0.8j.jar:/Applications/SoapUI-5.4.0.app/Contents/java/app/lib/json-path-0.9.1.jar:/Applications/SoapUI-5.4.0.app/Contents/java/app/lib/jms-1.1.jar:/Applications/SoapUI-5.4.0.app/Contents/java/app/lib/xstream-1.3.1.jar:/Applications/SoapUI-5.4.0.app/Contents/java/app/lib/rsyntaxtextarea-2.5.0.jar:/Applications/SoapUI-5.4.0.app/Contents/java/app/lib/ezmorph-1.0.5.jar:/Applications/SoapUI-5.4.0.app/Contents/java/app/lib/groovy-all-2.4.4.jar:/Applications/SoapUI-5.4.0.app/Contents/java/app/lib/out-app-analytics-provider-5.4.0.jar:/Applications/SoapUI-5.4.0.app/Contents/java/app/lib/saxon-dom-9.1.0.8j.jar:/Applications/SoapUI-5.4.0.app/Contents/java/app/lib/l2fprod-common-directorychooser-7.3.jar:/Applications/SoapUI-5.4.0.app/Contents/java/app/lib/ws-commons-util-1.0.2.jar:/Applications/SoapUI-5.4.0.app/Contents/java/app/lib/servlet-api-2.5-20081211.jar:/Applications/SoapUI-5.4.0.app/Contents/java/app/lib/flex-messaging-proxy-1.0.jar:/Applications/SoapUI-5.4.0.app/Contents/java/app/lib/animal-sniffer-annotations-1.11.jar"/><property name="user.name" value="jesuseduardomoraperez"/><property name="soapui.ext.listeners" value="/Applications/SoapUI-5.4.0.app/Contents/java/app/bin/listeners"/><property name="java.vm.specification.version" value="1.8"/><property name="sun.java.command" value="com.eviware.soapui.tools.SoapUITestCaseRunner -sSpotify_search -r -a -j -J -f/Users/jesuseduardomoraperez/Documents/QAMinds/SOAP_UI /Users/jesuseduardomoraperez/Documents/QAMinds/SOAP_UI/Module-4-Spotify-soapui-project.xml"/><property name="java.home" value="/Applications/SoapUI-5.4.0.app/Contents/PlugIns/jre.bundle/Contents/Home/jre"/><property name="sun.arch.data.model" value="64"/><property name="groovy.source.encoding" value="iso-8859-1"/><property name="user.language" value="es"/><property name="java.specification.vendor" value="Oracle Corporation"/><property name="user.language.format" value="en"/><property name="awt.toolkit" value="sun.lwawt.macosx.LWCToolkit"/><property name="java.vm.info" value="mixed mode"/><property name="java.version" value="1.8.0_152"/><property name="java.ext.dirs" value="/Users/jesuseduardomoraperez/Library/Java/Extensions:/Applications/SoapUI-5.4.0.app/Contents/PlugIns/jre.bundle/Contents/Home/jre/lib/ext:/Library/Java/Extensions:/Network/Library/Java/Extensions:/System/Library/Java/Extensions:/usr/lib/java"/><property name="sun.boot.class.path" value="/Applications/SoapUI-5.4.0.app/Contents/PlugIns/jre.bundle/Contents/Home/jre/lib/resources.jar:/Applications/SoapUI-5.4.0.app/Contents/PlugIns/jre.bundle/Contents/Home/jre/lib/rt.jar:/Applications/SoapUI-5.4.0.app/Contents/PlugIns/jre.bundle/Contents/Home/jre/lib/sunrsasign.jar:/Applications/SoapUI-5.4.0.app/Contents/PlugIns/jre.bundle/Contents/Home/jre/lib/jsse.jar:/Applications/SoapUI-5.4.0.app/Contents/PlugIns/jre.bundle/Contents/Home/jre/lib/jce.jar:/Applications/SoapUI-5.4.0.app/Contents/PlugIns/jre.bundle/Contents/Home/jre/lib/charsets.jar:/Applications/SoapUI-5.4.0.app/Contents/PlugIns/jre.bundle/Contents/Home/jre/lib/jfr.jar:/Applications/SoapUI-5.4.0.app/Contents/PlugIns/jre.bundle/Contents/Home/jre/classes"/><property name="java.vendor" value="Oracle Corporation"/><property name="file.separator" value="/"/><property name="java.vendor.url.bug" value="http://bugreport.sun.com/bugreport/"/><property name="sun.font.fontmanager" value="sun.font.CFontManager"/><property name="sun.io.unicode.encoding" value="UnicodeBig"/><property name="sun.cpu.endian" value="little"/><property name="socksNonProxyHosts" value="local|*.local|169.254/16|*.169.254/16"/><property name="ftp.nonProxyHosts" value="local|*.local|169.254/16|*.169.254/16"/><property name="sun.cpu.isalist" value=""/></properties><testcase name="ng_spotify_search" time="0.927"><properties/></testcase><testcase name="search_use_for_testing" time="0.802"><properties/></testcase><testcase name="RG_Search_Muse_on_US" time="1.181"><properties/></testcase><testcase name="RG_Search_Gorillaz_on_US" time="1.202"><properties/></testcase></testsuite>